xmelab(64): 23.03-s013: (c) Copyright 1995-2024 Cadence Design Systems, Inc.
TOOL:	xmelab(64)	23.03-s013: Started on Dec 07, 2024 at 13:46:28 KST
xmelab
    -MESS
    -access rwc
    tb_adder

	Elaborating the design hierarchy:
		Caching library 'work_lib' ....... Done
	Building instance overlay tables: .................... Done
	Generating native compiled code:
		work_lib.adder:module <0x3c806003>
			streams:  12, words:  3843
		work_lib.tb_adder:module <0x7901e843>
			streams:   8, words:  7122
	Building instance specific data structures.
	Loading native compiled code:     .................... Done
	Design hierarchy summary:
		                 Instances  Unique
		Modules:                 2       2
		Registers:              10      10
		Scalar wires:            2       -
		Vectored wires:          5       -
		Always blocks:           5       5
		Initial blocks:          1       1
		Pseudo assignments:      6       -
		Simulation timescale:  1ps
	Writing initial simulation snapshot: work_lib.tb_adder:module
TOOL:	xmelab(64)	23.03-s013: Exiting on Dec 07, 2024 at 13:46:28 KST  (total: 00:00:00)
